ERROR - 2023-05-22 03:37:37 --> Error connecting to the database: mysqli_sql_exception: Unknown database 'ci4' in C:\Users\alifd\OneDrive\Documents\xampp\htdocs\lab7_php_ci\ci4\system\Database\MySQLi\Connection.php:173
Stack trace:
#0 C:\Users\alifd\OneDrive\Documents\xampp\htdocs\lab7_php_ci\ci4\system\Database\MySQLi\Connection.php(173): mysqli->real_connect('localhost', 'root', Object(SensitiveParameterValue), 'ci4', 3306, '', 0)
#1 C:\Users\alifd\OneDrive\Documents\xampp\htdocs\lab7_php_ci\ci4\system\Database\BaseConnection.php(391): CodeIgniter\Database\MySQLi\Connection->connect(false)
#2 C:\Users\alifd\OneDrive\Documents\xampp\htdocs\lab7_php_ci\ci4\system\Database\BaseConnection.php(574): CodeIgniter\Database\BaseConnection->initialize()
#3 C:\Users\alifd\OneDrive\Documents\xampp\htdocs\lab7_php_ci\ci4\system\Database\BaseBuilder.php(1616): CodeIgniter\Database\BaseConnection->query('SELECT *\nFROM `...', Array, false)
#4 C:\Users\alifd\OneDrive\Documents\xampp\htdocs\lab7_php_ci\ci4\system\Model.php(241): CodeIgniter\Database\BaseBuilder->get()
#5 C:\Users\alifd\OneDrive\Documents\xampp\htdocs\lab7_php_ci\ci4\system\BaseModel.php(618): CodeIgniter\Model->doFindAll(0, 0)
#6 C:\Users\alifd\OneDrive\Documents\xampp\htdocs\lab7_php_ci\ci4\app\Controllers\Artikel.php(12): CodeIgniter\BaseModel->findAll()
#7 C:\Users\alifd\OneDrive\Documents\xampp\htdocs\lab7_php_ci\ci4\system\CodeIgniter.php(934): App\Controllers\Artikel->index()
#8 C:\Users\alifd\OneDrive\Documents\xampp\htdocs\lab7_php_ci\ci4\system\CodeIgniter.php(499): CodeIgniter\CodeIgniter->runController(Object(App\Controllers\Artikel))
#9 C:\Users\alifd\OneDrive\Documents\xampp\htdocs\lab7_php_ci\ci4\system\CodeIgniter.php(368): CodeIgniter\CodeIgniter->handleRequest(NULL, Object(Config\Cache), false)
#10 C:\Users\alifd\OneDrive\Documents\xampp\htdocs\lab7_php_ci\ci4\public\index.php(67): CodeIgniter\CodeIgniter->run()
#11 C:\Users\alifd\OneDrive\Documents\xampp\htdocs\lab7_php_ci\ci4\system\Commands\Server\rewrite.php(47): require_once('C:\\Users\\alifd\\...')
#12 {main}

Next CodeIgniter\Database\Exceptions\DatabaseException: Unknown database 'ci4' in C:\Users\alifd\OneDrive\Documents\xampp\htdocs\lab7_php_ci\ci4\system\Database\MySQLi\Connection.php:218
Stack trace:
#0 C:\Users\alifd\OneDrive\Documents\xampp\htdocs\lab7_php_ci\ci4\system\Database\BaseConnection.php(391): CodeIgniter\Database\MySQLi\Connection->connect(false)
#1 C:\Users\alifd\OneDrive\Documents\xampp\htdocs\lab7_php_ci\ci4\system\Database\BaseConnection.php(574): CodeIgniter\Database\BaseConnection->initialize()
#2 C:\Users\alifd\OneDrive\Documents\xampp\htdocs\lab7_php_ci\ci4\system\Database\BaseBuilder.php(1616): CodeIgniter\Database\BaseConnection->query('SELECT *\nFROM `...', Array, false)
#3 C:\Users\alifd\OneDrive\Documents\xampp\htdocs\lab7_php_ci\ci4\system\Model.php(241): CodeIgniter\Database\BaseBuilder->get()
#4 C:\Users\alifd\OneDrive\Documents\xampp\htdocs\lab7_php_ci\ci4\system\BaseModel.php(618): CodeIgniter\Model->doFindAll(0, 0)
#5 C:\Users\alifd\OneDrive\Documents\xampp\htdocs\lab7_php_ci\ci4\app\Controllers\Artikel.php(12): CodeIgniter\BaseModel->findAll()
#6 C:\Users\alifd\OneDrive\Documents\xampp\htdocs\lab7_php_ci\ci4\system\CodeIgniter.php(934): App\Controllers\Artikel->index()
#7 C:\Users\alifd\OneDrive\Documents\xampp\htdocs\lab7_php_ci\ci4\system\CodeIgniter.php(499): CodeIgniter\CodeIgniter->runController(Object(App\Controllers\Artikel))
#8 C:\Users\alifd\OneDrive\Documents\xampp\htdocs\lab7_php_ci\ci4\system\CodeIgniter.php(368): CodeIgniter\CodeIgniter->handleRequest(NULL, Object(Config\Cache), false)
#9 C:\Users\alifd\OneDrive\Documents\xampp\htdocs\lab7_php_ci\ci4\public\index.php(67): CodeIgniter\CodeIgniter->run()
#10 C:\Users\alifd\OneDrive\Documents\xampp\htdocs\lab7_php_ci\ci4\system\Commands\Server\rewrite.php(47): require_once('C:\\Users\\alifd\\...')
#11 {main}
CRITICAL - 2023-05-22 03:37:37 --> Unable to connect to the database.
Main connection [MySQLi]: Unknown database 'ci4'
in SYSTEMPATH\Database\BaseConnection.php on line 427.
 1 SYSTEMPATH\Database\BaseConnection.php(574): CodeIgniter\Database\BaseConnection->initialize()
 2 SYSTEMPATH\Database\BaseBuilder.php(1616): CodeIgniter\Database\BaseConnection->query('SELECT *
FROM `artikel`', [], false)
 3 SYSTEMPATH\Model.php(241): CodeIgniter\Database\BaseBuilder->get()
 4 SYSTEMPATH\BaseModel.php(618): CodeIgniter\Model->doFindAll(0, 0)
 5 APPPATH\Controllers\Artikel.php(12): CodeIgniter\BaseModel->findAll()
 6 SYSTEMPATH\CodeIgniter.php(934): App\Controllers\Artikel->index()
 7 SYSTEMPATH\CodeIgniter.php(499): CodeIgniter\CodeIgniter->runController(Object(App\Controllers\Artikel))
 8 SYSTEMPATH\CodeIgniter.php(368): CodeIgniter\CodeIgniter->handleRequest(null, Object(Config\Cache), false)
 9 FCPATH\index.php(67): CodeIgniter\CodeIgniter->run()
10 SYSTEMPATH\Commands\Server\rewrite.php(47): require_once('C:\\Users\\alifd\\OneDrive\\Documents\\xampp\\htdocs\\lab7_php_ci\\ci4\\public\\index.php')
CRITICAL - 2023-05-22 03:38:47 --> Invalid file: "artikel/index.php"
in SYSTEMPATH\Exceptions\FrameworkException.php on line 33.
 1 SYSTEMPATH\View\View.php(201): CodeIgniter\Exceptions\FrameworkException::forInvalidFile('artikel/index.php')
 2 SYSTEMPATH\Common.php(1184): CodeIgniter\View\View->render('artikel/index', [], true)
 3 APPPATH\Controllers\Artikel.php(13): view('artikel/index', [...])
 4 SYSTEMPATH\CodeIgniter.php(934): App\Controllers\Artikel->index()
 5 SYSTEMPATH\CodeIgniter.php(499): CodeIgniter\CodeIgniter->runController(Object(App\Controllers\Artikel))
 6 SYSTEMPATH\CodeIgniter.php(368): CodeIgniter\CodeIgniter->handleRequest(null, Object(Config\Cache), false)
 7 FCPATH\index.php(67): CodeIgniter\CodeIgniter->run()
 8 SYSTEMPATH\Commands\Server\rewrite.php(47): require_once('C:\\Users\\alifd\\OneDrive\\Documents\\xampp\\htdocs\\lab7_php_ci\\ci4\\public\\index.php')
CRITICAL - 2023-05-22 04:08:38 --> Invalid file: "template/admin_header.php"
in SYSTEMPATH\Exceptions\FrameworkException.php on line 33.
 1 SYSTEMPATH\View\View.php(201): CodeIgniter\Exceptions\FrameworkException::forInvalidFile('template/admin_header.php')
 2 SYSTEMPATH\View\View.php(431): CodeIgniter\View\View->render('template/admin_header', null, true)
 3 APPPATH\Views\artikel\admin_index.php(1): CodeIgniter\View\View->include('template/admin_header')
 4 SYSTEMPATH\View\View.php(213): include('C:\\Users\\alifd\\OneDrive\\Documents\\xampp\\htdocs\\lab7_php_ci\\ci4\\app\\Views\\artikel\\admin_index.php')
 5 SYSTEMPATH\View\View.php(216): CodeIgniter\View\View->CodeIgniter\View\{closure}()
 6 SYSTEMPATH\Common.php(1184): CodeIgniter\View\View->render('artikel/admin_index', [], true)
 7 APPPATH\Controllers\Artikel.php(33): view('artikel/admin_index', [...])
 8 SYSTEMPATH\CodeIgniter.php(934): App\Controllers\Artikel->admin_index()
 9 SYSTEMPATH\CodeIgniter.php(499): CodeIgniter\CodeIgniter->runController(Object(App\Controllers\Artikel))
10 SYSTEMPATH\CodeIgniter.php(368): CodeIgniter\CodeIgniter->handleRequest(null, Object(Config\Cache), false)
11 FCPATH\index.php(67): CodeIgniter\CodeIgniter->run()
12 SYSTEMPATH\Commands\Server\rewrite.php(47): require_once('C:\\Users\\alifd\\OneDrive\\Documents\\xampp\\htdocs\\lab7_php_ci\\ci4\\public\\index.php')
CRITICAL - 2023-05-22 04:12:25 --> Invalid file: "template/admin_header.php"
in SYSTEMPATH\Exceptions\FrameworkException.php on line 33.
 1 SYSTEMPATH\View\View.php(201): CodeIgniter\Exceptions\FrameworkException::forInvalidFile('template/admin_header.php')
 2 SYSTEMPATH\View\View.php(431): CodeIgniter\View\View->render('template/admin_header', null, true)
 3 APPPATH\Views\artikel\admin_index.php(1): CodeIgniter\View\View->include('template/admin_header')
 4 SYSTEMPATH\View\View.php(213): include('C:\\Users\\alifd\\OneDrive\\Documents\\xampp\\htdocs\\lab7_php_ci\\ci4\\app\\Views\\artikel\\admin_index.php')
 5 SYSTEMPATH\View\View.php(216): CodeIgniter\View\View->CodeIgniter\View\{closure}()
 6 SYSTEMPATH\Common.php(1184): CodeIgniter\View\View->render('artikel/admin_index', [], true)
 7 APPPATH\Controllers\Artikel.php(33): view('artikel/admin_index', [...])
 8 SYSTEMPATH\CodeIgniter.php(934): App\Controllers\Artikel->admin_index()
 9 SYSTEMPATH\CodeIgniter.php(499): CodeIgniter\CodeIgniter->runController(Object(App\Controllers\Artikel))
10 SYSTEMPATH\CodeIgniter.php(368): CodeIgniter\CodeIgniter->handleRequest(null, Object(Config\Cache), false)
11 FCPATH\index.php(67): CodeIgniter\CodeIgniter->run()
12 SYSTEMPATH\Commands\Server\rewrite.php(47): require_once('C:\\Users\\alifd\\OneDrive\\Documents\\xampp\\htdocs\\lab7_php_ci\\ci4\\public\\index.php')
CRITICAL - 2023-05-22 04:15:47 --> Invalid file: "template/admin_header.php"
in SYSTEMPATH\Exceptions\FrameworkException.php on line 33.
 1 SYSTEMPATH\View\View.php(201): CodeIgniter\Exceptions\FrameworkException::forInvalidFile('template/admin_header.php')
 2 SYSTEMPATH\View\View.php(431): CodeIgniter\View\View->render('template/admin_header', null, true)
 3 APPPATH\Views\artikel\admin_index.php(1): CodeIgniter\View\View->include('template/admin_header')
 4 SYSTEMPATH\View\View.php(213): include('C:\\Users\\alifd\\OneDrive\\Documents\\xampp\\htdocs\\lab7_php_ci\\ci4\\app\\Views\\artikel\\admin_index.php')
 5 SYSTEMPATH\View\View.php(216): CodeIgniter\View\View->CodeIgniter\View\{closure}()
 6 SYSTEMPATH\Common.php(1184): CodeIgniter\View\View->render('artikel/admin_index', [], true)
 7 APPPATH\Controllers\Artikel.php(33): view('artikel/admin_index', [...])
 8 SYSTEMPATH\CodeIgniter.php(934): App\Controllers\Artikel->admin_index()
 9 SYSTEMPATH\CodeIgniter.php(499): CodeIgniter\CodeIgniter->runController(Object(App\Controllers\Artikel))
10 SYSTEMPATH\CodeIgniter.php(368): CodeIgniter\CodeIgniter->handleRequest(null, Object(Config\Cache), false)
11 FCPATH\index.php(67): CodeIgniter\CodeIgniter->run()
12 SYSTEMPATH\Commands\Server\rewrite.php(47): require_once('C:\\Users\\alifd\\OneDrive\\Documents\\xampp\\htdocs\\lab7_php_ci\\ci4\\public\\index.php')
